<?xml version="1.0" encoding="UTF-8"?>
<testng-results ignored="0" total="1" passed="1" failed="0" skipped="0">
  <reporter-output>
    <line>
      <![CDATA[---Database Connection Established---]]>
    </line>
    <line>
      <![CDATA[Browser got Launched Sucessfully]]>
    </line>
    <line>
      <![CDATA[Navigated to Vtiger HomePage Sucessfully]]>
    </line>
    <line>
      <![CDATA[Logged out Successfully]]>
    </line>
    <line>
      <![CDATA[Browser got closed Successfully]]>
    </line>
    <line>
      <![CDATA[---Database Disconnected Sucessfully---]]>
    </line>
  </reporter-output>
  <suite started-at="2025-04-05T10:30:05 IST" name="Default suite" finished-at="2025-04-05T10:30:43 IST" duration-ms="37524">
    <groups>
      <group name="Regression">
        <method signature="ToCreateOrgWithIndustryTest.toCreateOrg_003()[pri:0, instance:organizationTest.ToCreateOrgWithIndustryTest@4550bb58]" name="toCreateOrg_003" class="organizationTest.ToCreateOrgWithIndustryTest"/>
      </group> <!-- Regression -->
    </groups>
    <test started-at="2025-04-05T10:30:05 IST" name="Default test" finished-at="2025-04-05T10:30:43 IST" duration-ms="37524">
      <class name="organizationTest.ToCreateOrgWithIndustryTest">
        <test-method is-config="true" signature="bsConfig()[pri:0, instance:organizationTest.ToCreateOrgWithIndustryTest@4550bb58]" started-at="2025-04-05T10:30:05 IST" name="bsConfig" finished-at="2025-04-05T10:30:05 IST" duration-ms="13" status="PASS">
          <reporter-output>
            <line>
              <![CDATA[---Database Connection Established---]]>
            </line>
          </reporter-output>
        </test-method> <!-- bsConfig -->
        <test-method is-config="true" signature="bcConfig()[pri:0, instance:organizationTest.ToCreateOrgWithIndustryTest@4550bb58]" started-at="2025-04-05T10:30:06 IST" name="bcConfig" finished-at="2025-04-05T10:30:10 IST" duration-ms="4434" status="PASS">
          <reporter-output>
            <line>
              <![CDATA[Browser got Launched Sucessfully]]>
            </line>
          </reporter-output>
        </test-method> <!-- bcConfig -->
        <test-method is-config="true" signature="bmConfig()[pri:0, instance:organizationTest.ToCreateOrgWithIndustryTest@4550bb58]" started-at="2025-04-05T10:30:10 IST" name="bmConfig" finished-at="2025-04-05T10:30:15 IST" duration-ms="4677" status="PASS">
          <reporter-output>
            <line>
              <![CDATA[Navigated to Vtiger HomePage Sucessfully]]>
            </line>
          </reporter-output>
        </test-method> <!-- bmConfig -->
        <test-method signature="toCreateOrg_003()[pri:0, instance:organizationTest.ToCreateOrgWithIndustryTest@4550bb58]" started-at="2025-04-05T10:30:15 IST" name="toCreateOrg_003" finished-at="2025-04-05T10:30:35 IST" duration-ms="20283" status="PASS">
          <reporter-output>
          </reporter-output>
        </test-method> <!-- toCreateOrg_003 -->
        <test-method is-config="true" signature="amConfig()[pri:0, instance:organizationTest.ToCreateOrgWithIndustryTest@4550bb58]" started-at="2025-04-05T10:30:35 IST" name="amConfig" finished-at="2025-04-05T10:30:43 IST" duration-ms="7388" status="PASS">
          <reporter-output>
            <line>
              <![CDATA[Logged out Successfully]]>
            </line>
          </reporter-output>
        </test-method> <!-- amConfig -->
        <test-method is-config="true" signature="acConfig()[pri:0, instance:organizationTest.ToCreateOrgWithIndustryTest@4550bb58]" started-at="2025-04-05T10:30:43 IST" name="acConfig" finished-at="2025-04-05T10:30:43 IST" duration-ms="250" status="PASS">
          <reporter-output>
            <line>
              <![CDATA[Browser got closed Successfully]]>
            </line>
          </reporter-output>
        </test-method> <!-- acConfig -->
        <test-method is-config="true" signature="asConfig()[pri:0, instance:organizationTest.ToCreateOrgWithIndustryTest@4550bb58]" started-at="2025-04-05T10:30:43 IST" name="asConfig" finished-at="2025-04-05T10:30:43 IST" duration-ms="1" status="PASS">
          <reporter-output>
            <line>
              <![CDATA[---Database Disconnected Sucessfully---]]>
            </line>
          </reporter-output>
        </test-method> <!-- asConfig -->
      </class> <!-- organizationTest.ToCreateOrgWithIndustryTest -->
    </test> <!-- Default test -->
  </suite> <!-- Default suite -->
</testng-results>
