<?xml version="1.0" encoding="UTF-8"?>
<!-- Generated by org.testng.reporters.JUnitXMLReporter -->
<testsuite ignored="4" hostname="DESKTOP-O0M08K0" failures="0" tests="3" name="Test" time="86.045" errors="0" timestamp="2025-03-24T16:47:19 IST">
  <testcase classname="organizationTest.ToCreateOrgWithIndustryTest" name="toCreateOrg_003" time="23.604"/>
  <testcase classname="organizationTest.ToCreateOrgTest" name="toCreateContactWithOrgTest_002" time="17.549"/>
  <testcase classname="contactTest.ToCreateContactTest" name="toCreateContact_001" time="17.579"/>
  <testcase classname="genaricUtility.BaseClass" name="@BeforeSuite bsConfig" time="0.0">
    <ignored/>
  </testcase> <!-- @BeforeSuite bsConfig -->
  <testcase classname="genaricUtility.BaseClass" name="@BeforeSuite bsConfig" time="0.0">
    <ignored/>
  </testcase> <!-- @BeforeSuite bsConfig -->
  <testcase classname="genaricUtility.BaseClass" name="@AfterSuite asConfig" time="0.0">
    <ignored/>
  </testcase> <!-- @AfterSuite asConfig -->
  <testcase classname="genaricUtility.BaseClass" name="@AfterSuite asConfig" time="0.0">
    <ignored/>
  </testcase> <!-- @AfterSuite asConfig -->
</testsuite> <!-- Test -->
